2018-07-31 14:00:22 - -----------------------------------------------------------------------------
2018-07-31 14:00:22 - Opening Project 'Delete After\KH1170RR.ribd16x'...
2018-07-31 14:00:22 -    Model load successful into CBECC-Res 2016.3.1 (1019)
2018-07-31 14:00:23 - Performing Building Database check...
2018-07-31 14:00:23 - Building Database check completed, no problems found.
2018-07-31 14:01:22 - Project Saved
2018-07-31 14:03:08 - Project Saved
2018-07-31 14:03:11 - Performing Building Database check...
2018-07-31 14:03:11 - Building Database check completed, no problems found.
2018-07-31 14:03:12 -    Analysis being performed by CompMgrVersion 'BEMCmpMgr 2016.3.1 (1149)' via SoftwareVersion 'CBECC-Res 2016.3.1 (1019)'
2018-07-31 14:04:09 -   Generating report 'CF1R_NCB_PRF16' pdf+xml (signed)
2018-07-31 14:04:09 -     Communicating w/ report generator using Qt
2018-07-31 14:04:18 - Analysis result:  PASS  (TDV margin: 15.54 (36.3%))  Processing time:  Overall 67.3 / CSE 49.0 / ModelPrep 4.28 / ResultsProcessing 3.60 / ReportGen 9.2 / ResXMLWriting 0.18 / Model&SecurChks 0.37 / Model&HrlyCSVExports 0.09 / DHWSim 0.00 / LoadModel 0.00 / Other 0.52
2018-07-31 15:03:51 - -----------------------------------------------------------------------------
2018-07-31 15:03:51 - Opening Project 'Delete After\KH1170RR.ribd16x'...
2018-07-31 15:03:51 -    Model load successful into CBECC-Res 2016.3.1 (1019)
2018-07-31 15:03:51 - Performing Building Database check...
2018-07-31 15:03:51 - Building Database check completed, no problems found.
2018-07-31 15:26:32 - -----------------------------------------------------------------------------
2018-07-31 15:26:32 - Opening Project 'Delete After\KH1170RR.ribd16x'...
2018-07-31 15:26:32 -    Model load successful into CBECC-Res 2016.3.1 (1019)
2018-07-31 15:26:32 - Performing Building Database check...
2018-07-31 15:26:32 - Building Database check completed, no problems found.
2018-07-31 16:22:57 - -----------------------------------------------------------------------------
2018-07-31 16:22:57 - Project Saved as 'KH1170RR22.ribd16x'
2018-07-31 16:23:12 - Project Saved
2018-07-31 16:24:12 - Performing Building Database check...
2018-07-31 16:24:12 - Building Database check completed, no problems found.
2018-07-31 16:24:12 -    Analysis being performed by CompMgrVersion 'BEMCmpMgr 2016.3.1 (1149)' via SoftwareVersion 'CBECC-Res 2016.3.1 (1019)'
2018-07-31 16:25:18 -   Generating report 'CF1R_NCB_PRF16' pdf+xml (signed)
2018-07-31 16:25:18 -     Communicating w/ report generator using Qt
2018-07-31 16:25:36 - Analysis result:  PASS  (TDV margin: 15.77 (36.9%))  Processing time:  Overall 84.9 / CSE 55.9 / ModelPrep 4.74 / ResultsProcessing 3.52 / ReportGen 19.5 / ResXMLWriting 0.23 / Model&SecurChks 0.37 / Model&HrlyCSVExports 0.09 / DHWSim 0.00 / LoadModel 0.00 / Other 0.58
2018-08-02 11:36:25 - -----------------------------------------------------------------------------
2018-08-02 11:36:25 - Opening Project 'Delete After\KH1170RR22.ribd16x'...
2018-08-02 11:36:26 -    Model load successful into CBECC-Res 2016.3.1 (1019)
2018-08-02 11:36:26 - Performing Building Database check...
2018-08-02 11:36:26 - Building Database check completed, no problems found.
